<?xml version="1.0" encoding="UTF-8"?>
<testng-results ignored="0" total="1" passed="1" failed="0" skipped="0">
  <reporter-output>
  </reporter-output>
  <suite started-at="2023-11-18T12:04:01Z" name="Suite" finished-at="2023-11-18T12:04:10Z" duration-ms="8483">
    <groups>
      <group name="cucumber">
        <method signature="AbstractTestNGCucumberTests.runScenario(io.cucumber.testng.PickleWrapper, io.cucumber.testng.FeatureWrapper)[pri:0, instance:com.ui.test.runner.TestNGRunner@7eecb5b8]" name="runScenario" class="io.cucumber.testng.AbstractTestNGCucumberTests"/>
      </group> <!-- cucumber -->
    </groups>
    <test started-at="2023-11-18T12:04:01Z" name="Test" finished-at="2023-11-18T12:04:10Z" duration-ms="8483">
      <class name="com.ui.test.runner.TestNGRunner">
        <test-method is-config="true" signature="setUpClass(org.testng.ITestContext)[pri:0, instance:com.ui.test.runner.TestNGRunner@7eecb5b8]" started-at="2023-11-18T12:04:01Z" name="setUpClass" finished-at="2023-11-18T12:04:02Z" duration-ms="870" status="PASS">
          <params>
            <param index="0">
              <value>
                <![CDATA[org.testng.TestRunner@6463da36]]>
              </value>
            </param>
          </params>
          <reporter-output>
          </reporter-output>
        </test-method> <!-- setUpClass -->
        <test-method signature="runScenario(io.cucumber.testng.PickleWrapper, io.cucumber.testng.FeatureWrapper)[pri:0, instance:com.ui.test.runner.TestNGRunner@7eecb5b8]" started-at="2023-11-18T12:04:02Z" name="runScenario" description="Runs Cucumber Scenarios" data-provider="scenarios" finished-at="2023-11-18T12:04:06Z" duration-ms="3749" status="PASS">
          <params>
            <param index="0">
              <value>
                <![CDATA["Navigate to google"]]>
              </value>
            </param>
            <param index="1">
              <value>
                <![CDATA["Title of your feature"]]>
              </value>
            </param>
          </params>
          <reporter-output>
          </reporter-output>
        </test-method> <!-- runScenario -->
        <test-method is-config="true" signature="tearDownClass()[pri:0, instance:com.ui.test.runner.TestNGRunner@7eecb5b8]" started-at="2023-11-18T12:04:06Z" name="tearDownClass" finished-at="2023-11-18T12:04:10Z" duration-ms="3625" status="PASS">
          <reporter-output>
          </reporter-output>
        </test-method> <!-- tearDownClass -->
      </class> <!-- com.ui.test.runner.TestNGRunner -->
    </test> <!-- Test -->
  </suite> <!-- Suite -->
</testng-results>
